Arguments: 
  C:\Program Files\nodejs\node.exe C:\Program Files (x86)\Yarn\bin\yarn.js install

PATH: 
  C:\Python38\Scripts\;C:\Python38\;C:\Perl64\site\bin;C:\Perl64\bin;C:\Program Files (x86)\Python 3.5\Scripts\;C:\Program Files (x86)\Python 3.5\;C:\Program Files (x86)\Common Files\Intel\Shared Libraries\redist\intel64_win\compiler;D:\oraclexe\app\oracle\product\11.2.0\server\bin;C:\ProgramData\Oracle\Java\javapath;C:\WINDOWS\system32;C:\WINDOWS;C:\WINDOWS\System32\Wbem;C:\WINDOWS\System32\WindowsPowerShell\v1.0\;C:\WINDOWS\System32\OpenSSH\;C:\ProgramData\Microsoft\Windows\Start Menu\Programs\Android Studio;C:\Gradle;C:\Gradle\bin;GRADLE_USER_HOME\bin;JAVA_HOME;JAVA_HOME:\bin;C:\Users\nawar\.dnx\bin;C:\Program Files\Microsoft DNX\Dnvm\;C:\Program Files\Microsoft SQL Server\120\Tools\Binn\;C:\Program Files\Microsoft SQL Server\130\Tools\Binn\;C:\Program Files (x86)\Windows Kits\8.1\Windows Performance Toolkit\;C:\Windows\System32;c:\sqlite;C:\Program Files\Git\cmd;D:\f\flutter;D:\f\flutter\bin;C:\ProgramData\chocolatey\bin;D:\m\runtime\win64;D:\m\bin;D:\m\polyspace\bin;C:\Windows\System32\wbem;C:\xampp\php;C:\ProgramData\ComposerSetup\bin;C:\php;C:\php\ext;C:\Program Files (x86)\SMLNJ\bin\;C:\HashiCorp\Vagrant\bin;C:\Program Files\nodejs\;C:\Program Files\MATLAB\R2016a\runtime\win64;C:\Program Files\MATLAB\R2016a\bin;C:\Program Files\MATLAB\R2016a\polyspace\bin;C:\Program Files (x86)\Yarn\bin\;C:\Users\nawar\scoop\apps\yarn\current\global\node_modules\.bin;C:\Users\nawar\scoop\apps\yarn\current\Yarn\bin;C:\Users\nawar\scoop\shims;C:\Users\nawar\.windows-build-tools\python27\;C:\Users\nawar\AppData\Local\Microsoft\WindowsApps;C:\Users\nawar\AppData\Local\Programs\Microsoft VS Code\bin;C:\Users\nawar\AppData\Local\GitHubDesktop\bin;C:\Users\nawar\AppData\Roaming\Composer\vendor\bin;C:\Program Files\heroku\bin;C:\Program Files\JetBrains\PhpStorm 2019.3\bin;C:\Users\nawar\AppData\Roaming\npm;C:\Users\nawar\AppData\Local\Microsoft\WindowsApps;C:\Program Files\JetBrains\WebStorm 2020.2.3\bin;C:\Users\nawar\AppData\Local\Yarn\bin

Yarn version: 
  1.22.5

Node version: 
  12.18.1

Platform: 
  win32 x64

Trace: 
  Error: getaddrinfo ENOTFOUND registry.yarnpkg.com
      at GetAddrInfoReqWrap.onlookup [as oncomplete] (dns.js:66:26)

npm manifest: 
  {
      "private": true,
      "scripts": {
          "dev": "npm run development",
          "development": "cross-env NODE_ENV=development node_modules/webpack/bin/webpack.js --progress --hide-modules --config=node_modules/laravel-mix/setup/webpack.config.js",
          "watch": "npm run development -- --watch",
          "watch-poll": "npm run watch -- --watch-poll",
          "hot": "cross-env NODE_ENV=development node_modules/webpack-dev-server/bin/webpack-dev-server.js --inline --hot --disable-host-check --config=node_modules/laravel-mix/setup/webpack.config.js",
          "prod": "npm run production",
          "production": "cross-env NODE_ENV=production node_modules/webpack/bin/webpack.js --no-progress --hide-modules --config=node_modules/laravel-mix/setup/webpack.config.js"
      },
      "devDependencies": {
          "axios": "^0.21",
          "bootstrap": "^4.0.0",
          "cross-env": "^7.0",
          "jquery": "^3.2",
          "laravel-mix": "^5.0.1",
          "lodash": "^4.17.19",
          "popper.js": "^1.12",
          "resolve-url-loader": "^2.3.1",
          "sass": "^1.20.1",
          "sass-loader": "^8.0.0",
          "vue": "^2.5.17",
          "vue-template-compiler": "^2.6.10"
      },
      "dependencies": {
          "laravel-echo": "^1.8.0",
          "pusher-js": "^6.0.3"
      }
  }

yarn manifest: 
  No manifest

Lockfile: 
  No lockfile
